app/build/intermediates/manifest_merge_blame_file/debug/processDebugMainManifest/manifest-merger-blame-debug-report.txt
1<?xml version="1.0" encoding="utf-8"?>
2<manifest xmlns:android="http://schemas.android.com/apk/res/android"
3    package="com.mssp.qrverifier"
4    android:versionCode="1"
5    android:versionName="1.0" >
6
7    <uses-sdk
8        android:minSdkVersion="33"
9        android:targetSdkVersion="35" />
10
11    <uses-permission android:name="android.permission.CAMERA" />
11-->src/main/AndroidManifest.xml:4:5-65
11-->src/main/AndroidManifest.xml:4:22-62
12
13    <uses-feature
13-->src/main/AndroidManifest.xml:5:5-84
14        android:name="android.hardware.camera"
14-->src/main/AndroidManifest.xml:5:19-57
15        android:required="true" />
15-->src/main/AndroidManifest.xml:5:58-81
16
17    <permission
17-->[androidx.core:core:1.13.1] AndroidManifest.xml:22:5-24:47
18        android:name="com.mssp.qrverifier.DYNAMIC_RECEIVER_NOT_EXPORTED_PERMISSION"
18-->[androidx.core:core:1.13.1] AndroidManifest.xml:23:9-81
19        android:protectionLevel="signature" />
19-->[androidx.core:core:1.13.1] AndroidManifest.xml:24:9-44
20
21    <uses-permission android:name="com.mssp.qrverifier.DYNAMIC_RECEIVER_NOT_EXPORTED_PERMISSION" /> <!-- Although the *SdkVersion is captured in gradle build files, this is required for non gradle builds -->
21-->[androidx.core:core:1.13.1] AndroidManifest.xml:26:5-97
21-->[androidx.core:core:1.13.1] AndroidManifest.xml:26:22-94
22    <!-- <uses-sdk android:minSdkVersion="14"/> -->
23    <uses-permission android:name="android.permission.ACCESS_NETWORK_STATE" />
23-->[com.google.android.datatransport:transport-backend-cct:2.3.3] AndroidManifest.xml:25:5-79
23-->[com.google.android.datatransport:transport-backend-cct:2.3.3] AndroidManifest.xml:25:22-76
24    <uses-permission android:name="android.permission.INTERNET" />
24-->[com.google.android.datatransport:transport-backend-cct:2.3.3] AndroidManifest.xml:26:5-67
24-->[com.google.android.datatransport:transport-backend-cct:2.3.3] AndroidManifest.xml:26:22-64
25
26    <application
26-->src/main/AndroidManifest.xml:7:5-25:19
27        android:allowBackup="true"
27-->src/main/AndroidManifest.xml:8:9-35
28        android:appComponentFactory="androidx.core.app.CoreComponentFactory"
28-->[androidx.core:core:1.13.1] AndroidManifest.xml:28:18-86
29        android:debuggable="true"
30        android:extractNativeLibs="false"
31        android:icon="@mipmap/ic_launcher"
31-->src/main/AndroidManifest.xml:9:9-43
32        android:label="QR Verifier"
32-->src/main/AndroidManifest.xml:10:9-36
33        android:roundIcon="@mipmap/ic_launcher"
33-->src/main/AndroidManifest.xml:11:9-48
34        android:supportsRtl="true"
34-->src/main/AndroidManifest.xml:12:9-35
35        android:theme="@style/Theme.QRVerifier" >
35-->src/main/AndroidManifest.xml:13:9-48
36        <activity
36-->src/main/AndroidManifest.xml:15:9-23:20
37            android:name="com.mssp.qrverifier.ui.MainActivity"
37-->src/main/AndroidManifest.xml:16:13-44
38            android:exported="true"
38-->src/main/AndroidManifest.xml:17:13-36
39            android:screenOrientation="portrait" >
39-->src/main/AndroidManifest.xml:18:13-49
40            <intent-filter>
40-->src/main/AndroidManifest.xml:19:13-22:29
41                <action android:name="android.intent.action.MAIN" />
41-->src/main/AndroidManifest.xml:20:17-69
41-->src/main/AndroidManifest.xml:20:25-66
42
43                <category android:name="android.intent.category.LAUNCHER" />
43-->src/main/AndroidManifest.xml:21:17-77
43-->src/main/AndroidManifest.xml:21:27-74
44            </intent-filter>
45        </activity>
46
47        <service
47-->[androidx.camera:camera-camera2:1.3.4] AndroidManifest.xml:24:9-33:19
48            android:name="androidx.camera.core.impl.MetadataHolderService"
48-->[androidx.camera:camera-camera2:1.3.4] AndroidManifest.xml:25:13-75
49            android:enabled="false"
49-->[androidx.camera:camera-camera2:1.3.4] AndroidManifest.xml:26:13-36
50            android:exported="false" >
50-->[androidx.camera:camera-camera2:1.3.4] AndroidManifest.xml:27:13-37
51            <meta-data
51-->[androidx.camera:camera-camera2:1.3.4] AndroidManifest.xml:30:13-32:89
52                android:name="androidx.camera.core.impl.MetadataHolderService.DEFAULT_CONFIG_PROVIDER"
52-->[androidx.camera:camera-camera2:1.3.4] AndroidManifest.xml:31:17-103
53                android:value="androidx.camera.camera2.Camera2Config$DefaultProvider" />
53-->[androidx.camera:camera-camera2:1.3.4] AndroidManifest.xml:32:17-86
54        </service>
55        <service
55-->[com.google.android.gms:play-services-mlkit-barcode-scanning:18.3.1] AndroidManifest.xml:9:9-15:19
56            android:name="com.google.mlkit.common.internal.MlKitComponentDiscoveryService"
56-->[com.google.android.gms:play-services-mlkit-barcode-scanning:18.3.1] AndroidManifest.xml:10:13-91
57            android:directBootAware="true"
57-->[com.google.mlkit:common:18.11.0] AndroidManifest.xml:17:13-43
58            android:exported="false" >
58-->[com.google.android.gms:play-services-mlkit-barcode-scanning:18.3.1] AndroidManifest.xml:11:13-37
59            <meta-data
59-->[com.google.android.gms:play-services-mlkit-barcode-scanning:18.3.1] AndroidManifest.xml:12:13-14:85
60                android:name="com.google.firebase.components:com.google.mlkit.vision.barcode.internal.BarcodeRegistrar"
60-->[com.google.android.gms:play-services-mlkit-barcode-scanning:18.3.1] AndroidManifest.xml:13:17-120
61                android:value="com.google.firebase.components.ComponentRegistrar" />
61-->[com.google.android.gms:play-services-mlkit-barcode-scanning:18.3.1] AndroidManifest.xml:14:17-82
62            <meta-data
62-->[com.google.mlkit:vision-common:17.3.0] AndroidManifest.xml:12:13-14:85
63                android:name="com.google.firebase.components:com.google.mlkit.vision.common.internal.VisionCommonRegistrar"
63-->[com.google.mlkit:vision-common:17.3.0] AndroidManifest.xml:13:17-124
64                android:value="com.google.firebase.components.ComponentRegistrar" />
64-->[com.google.mlkit:vision-common:17.3.0] AndroidManifest.xml:14:17-82
65            <meta-data
65-->[com.google.mlkit:common:18.11.0] AndroidManifest.xml:20:13-22:85
66                android:name="com.google.firebase.components:com.google.mlkit.common.internal.CommonComponentRegistrar"
66-->[com.google.mlkit:common:18.11.0] AndroidManifest.xml:21:17-120
67                android:value="com.google.firebase.components.ComponentRegistrar" />
67-->[com.google.mlkit:common:18.11.0] AndroidManifest.xml:22:17-82
68        </service>
69
70        <provider
70-->[com.google.mlkit:common:18.11.0] AndroidManifest.xml:9:9-13:38
71            android:name="com.google.mlkit.common.internal.MlKitInitProvider"
71-->[com.google.mlkit:common:18.11.0] AndroidManifest.xml:10:13-78
72            android:authorities="com.mssp.qrverifier.mlkitinitprovider"
72-->[com.google.mlkit:common:18.11.0] AndroidManifest.xml:11:13-69
73            android:exported="false"
73-->[com.google.mlkit:common:18.11.0] AndroidManifest.xml:12:13-37
74            android:initOrder="99" />
74-->[com.google.mlkit:common:18.11.0] AndroidManifest.xml:13:13-35
75
76        <activity
76-->[com.google.android.gms:play-services-base:18.5.0] AndroidManifest.xml:5:9-173
77            android:name="com.google.android.gms.common.api.GoogleApiActivity"
77-->[com.google.android.gms:play-services-base:18.5.0] AndroidManifest.xml:5:19-85
78            android:exported="false"
78-->[com.google.android.gms:play-services-base:18.5.0] AndroidManifest.xml:5:146-170
79            android:theme="@android:style/Theme.Translucent.NoTitleBar" />
79-->[com.google.android.gms:play-services-base:18.5.0] AndroidManifest.xml:5:86-145
80
81        <meta-data
81-->[com.google.android.gms:play-services-basement:18.4.0] AndroidManifest.xml:6:9-122
82            android:name="com.google.android.gms.version"
82-->[com.google.android.gms:play-services-basement:18.4.0] AndroidManifest.xml:6:20-65
83            android:value="@integer/google_play_services_version" />
83-->[com.google.android.gms:play-services-basement:18.4.0] AndroidManifest.xml:6:66-119
84
85        <provider
85-->[androidx.emoji2:emoji2:1.3.0] AndroidManifest.xml:24:9-32:20
86            android:name="androidx.startup.InitializationProvider"
86-->[androidx.emoji2:emoji2:1.3.0] AndroidManifest.xml:25:13-67
87            android:authorities="com.mssp.qrverifier.androidx-startup"
87-->[androidx.emoji2:emoji2:1.3.0] AndroidManifest.xml:26:13-68
88            android:exported="false" >
88-->[androidx.emoji2:emoji2:1.3.0] AndroidManifest.xml:27:13-37
89            <meta-data
89-->[androidx.emoji2:emoji2:1.3.0] AndroidManifest.xml:29:13-31:52
90                android:name="androidx.emoji2.text.EmojiCompatInitializer"
90-->[androidx.emoji2:emoji2:1.3.0] AndroidManifest.xml:30:17-75
91                android:value="androidx.startup" />
91-->[androidx.emoji2:emoji2:1.3.0] AndroidManifest.xml:31:17-49
92            <meta-data
92-->[androidx.lifecycle:lifecycle-process:2.8.4] AndroidManifest.xml:29:13-31:52
93                android:name="androidx.lifecycle.ProcessLifecycleInitializer"
93-->[androidx.lifecycle:lifecycle-process:2.8.4] AndroidManifest.xml:30:17-78
94                android:value="androidx.startup" />
94-->[androidx.lifecycle:lifecycle-process:2.8.4] AndroidManifest.xml:31:17-49
95            <meta-data
95-->[androidx.profileinstaller:profileinstaller:1.3.1] AndroidManifest.xml:29:13-31:52
96                android:name="androidx.profileinstaller.ProfileInstallerInitializer"
96-->[androidx.profileinstaller:profileinstaller:1.3.1] AndroidManifest.xml:30:17-85
97                android:value="androidx.startup" />
97-->[androidx.profileinstaller:profileinstaller:1.3.1] AndroidManifest.xml:31:17-49
98        </provider>
99
100        <receiver
100-->[androidx.profileinstaller:profileinstaller:1.3.1] AndroidManifest.xml:34:9-52:20
101            android:name="androidx.profileinstaller.ProfileInstallReceiver"
101-->[androidx.profileinstaller:profileinstaller:1.3.1] AndroidManifest.xml:35:13-76
102            android:directBootAware="false"
102-->[androidx.profileinstaller:profileinstaller:1.3.1] AndroidManifest.xml:36:13-44
103            android:enabled="true"
103-->[androidx.profileinstaller:profileinstaller:1.3.1] AndroidManifest.xml:37:13-35
104            android:exported="true"
104-->[androidx.profileinstaller:profileinstaller:1.3.1] AndroidManifest.xml:38:13-36
105            android:permission="android.permission.DUMP" >
105-->[androidx.profileinstaller:profileinstaller:1.3.1] AndroidManifest.xml:39:13-57
106            <intent-filter>
106-->[androidx.profileinstaller:profileinstaller:1.3.1] AndroidManifest.xml:40:13-42:29
107                <action android:name="androidx.profileinstaller.action.INSTALL_PROFILE" />
107-->[androidx.profileinstaller:profileinstaller:1.3.1] AndroidManifest.xml:41:17-91
107-->[androidx.profileinstaller:profileinstaller:1.3.1] AndroidManifest.xml:41:25-88
108            </intent-filter>
109            <intent-filter>
109-->[androidx.profileinstaller:profileinstaller:1.3.1] AndroidManifest.xml:43:13-45:29
110                <action android:name="androidx.profileinstaller.action.SKIP_FILE" />
110-->[androidx.profileinstaller:profileinstaller:1.3.1] AndroidManifest.xml:44:17-85
110-->[androidx.profileinstaller:profileinstaller:1.3.1] AndroidManifest.xml:44:25-82
111            </intent-filter>
112            <intent-filter>
112-->[androidx.profileinstaller:profileinstaller:1.3.1] AndroidManifest.xml:46:13-48:29
113                <action android:name="androidx.profileinstaller.action.SAVE_PROFILE" />
113-->[androidx.profileinstaller:profileinstaller:1.3.1] AndroidManifest.xml:47:17-88
113-->[androidx.profileinstaller:profileinstaller:1.3.1] AndroidManifest.xml:47:25-85
114            </intent-filter>
115            <intent-filter>
115-->[androidx.profileinstaller:profileinstaller:1.3.1] AndroidManifest.xml:49:13-51:29
116                <action android:name="androidx.profileinstaller.action.BENCHMARK_OPERATION" />
116-->[androidx.profileinstaller:profileinstaller:1.3.1] AndroidManifest.xml:50:17-95
116-->[androidx.profileinstaller:profileinstaller:1.3.1] AndroidManifest.xml:50:25-92
117            </intent-filter>
118        </receiver>
119
120        <service
120-->[com.google.android.datatransport:transport-backend-cct:2.3.3] AndroidManifest.xml:29:9-35:19
121            android:name="com.google.android.datatransport.runtime.backends.TransportBackendDiscovery"
121-->[com.google.android.datatransport:transport-backend-cct:2.3.3] AndroidManifest.xml:30:13-103
122            android:exported="false" >
122-->[com.google.android.datatransport:transport-backend-cct:2.3.3] AndroidManifest.xml:31:13-37
123            <meta-data
123-->[com.google.android.datatransport:transport-backend-cct:2.3.3] AndroidManifest.xml:32:13-34:39
124                android:name="backend:com.google.android.datatransport.cct.CctBackendFactory"
124-->[com.google.android.datatransport:transport-backend-cct:2.3.3] AndroidManifest.xml:33:17-94
125                android:value="cct" />
125-->[com.google.android.datatransport:transport-backend-cct:2.3.3] AndroidManifest.xml:34:17-36
126        </service>
127        <service
127-->[com.google.android.datatransport:transport-runtime:2.2.6] AndroidManifest.xml:26:9-30:19
128            android:name="com.google.android.datatransport.runtime.scheduling.jobscheduling.JobInfoSchedulerService"
128-->[com.google.android.datatransport:transport-runtime:2.2.6] AndroidManifest.xml:27:13-117
129            android:exported="false"
129-->[com.google.android.datatransport:transport-runtime:2.2.6] AndroidManifest.xml:28:13-37
130            android:permission="android.permission.BIND_JOB_SERVICE" >
130-->[com.google.android.datatransport:transport-runtime:2.2.6] AndroidManifest.xml:29:13-69
131        </service>
132
133        <receiver
133-->[com.google.android.datatransport:transport-runtime:2.2.6] AndroidManifest.xml:32:9-34:40
134            android:name="com.google.android.datatransport.runtime.scheduling.jobscheduling.AlarmManagerSchedulerBroadcastReceiver"
134-->[com.google.android.datatransport:transport-runtime:2.2.6] AndroidManifest.xml:33:13-132
135            android:exported="false" />
135-->[com.google.android.datatransport:transport-runtime:2.2.6] AndroidManifest.xml:34:13-37
136    </application>
137
138</manifest>